<?xml version="1.0" encoding="UTF-8"?>
<!-- Generated by org.testng.reporters.JUnitReportReporter -->
<testsuite hostname="SinanOynak.local" failures="0" tests="1" name="services.SampleTest4" time="1.978" errors="0" timestamp="2022-01-23T13:03:07 TRT" skipped="0">
  <testcase classname="services.SampleTest4" name="getInventory" time="1.978"/>
  <system-out/>
</testsuite> <!-- services.SampleTest4 -->
